\BOOKMARK [1][-]{section.1}{\376\377\000S\000i\000m\000u\000l\000a\000t\000o\000r\000\040\000S\000p\000e\000c\000i\000f\000i\000c\000a\000t\000i\000o\000n}{}% 1
\BOOKMARK [2][-]{subsection.1.1}{\376\377\000I\000n\000t\000r\000o\000d\000u\000c\000t\000i\000o\000n}{section.1}% 2
\BOOKMARK [2][-]{subsection.1.2}{\376\377\000S\000p\000a\000t\000i\000a\000l\000\040\000V\000o\000t\000i\000n\000g\000\040\000M\000o\000d\000e\000l}{section.1}% 3
\BOOKMARK [2][-]{subsection.1.3}{\376\377\000B\000a\000s\000i\000c\000\040\000S\000e\000t\000u\000p}{section.1}% 4
\BOOKMARK [2][-]{subsection.1.4}{\376\377\000P\000o\000s\000i\000t\000i\000o\000n\000\040\000G\000e\000n\000e\000r\000a\000t\000i\000o\000n}{section.1}% 5
\BOOKMARK [2][-]{subsection.1.5}{\376\377\000D\000i\000s\000t\000a\000n\000c\000e\000\040\000M\000e\000t\000r\000i\000c\000s}{section.1}% 6
\BOOKMARK [2][-]{subsection.1.6}{\376\377\000H\000o\000m\000o\000g\000e\000n\000e\000o\000u\000s\000\040\000D\000i\000s\000t\000a\000n\000c\000e\000\040\000M\000e\000t\000r\000i\000c\000s}{section.1}% 7
\BOOKMARK [3][-]{subsubsection.1.6.1}{\376\377\000E\000u\000c\000l\000i\000d\000e\000a\000n\000\040\000\050\000L\0002\000\051\000\040\000D\000i\000s\000t\000a\000n\000c\000e}{subsection.1.6}% 8
\BOOKMARK [3][-]{subsubsection.1.6.2}{\376\377\000M\000a\000n\000h\000a\000t\000t\000a\000n\000\040\000\050\000L\0001\000\051\000\040\000D\000i\000s\000t\000a\000n\000c\000e}{subsection.1.6}% 9
\BOOKMARK [3][-]{subsubsection.1.6.3}{\376\377\000C\000h\000e\000b\000y\000s\000h\000e\000v\000\040\000\050\000L\000\051\000\040\000D\000i\000s\000t\000a\000n\000c\000e}{subsection.1.6}% 10
\BOOKMARK [3][-]{subsubsection.1.6.4}{\376\377\000C\000o\000s\000i\000n\000e\000\040\000D\000i\000s\000t\000a\000n\000c\000e}{subsection.1.6}% 11
\BOOKMARK [2][-]{subsection.1.7}{\376\377\000H\000e\000t\000e\000r\000o\000g\000e\000n\000e\000o\000u\000s\000\040\000D\000i\000s\000t\000a\000n\000c\000e\000\040\000A\000s\000s\000i\000g\000n\000m\000e\000n\000t}{section.1}% 12
\BOOKMARK [2][-]{subsection.1.8}{\376\377\000V\000o\000t\000e\000r\000\040\000C\000e\000n\000t\000r\000a\000l\000i\000t\000y\000\040\000M\000e\000a\000s\000u\000r\000e}{section.1}% 13
\BOOKMARK [2][-]{subsection.1.9}{\376\377\000C\000e\000n\000t\000e\000r\000-\000E\000x\000t\000r\000e\000m\000e\000\040\000S\000t\000r\000a\000t\000e\000g\000y}{section.1}% 14
\BOOKMARK [2][-]{subsection.1.10}{\376\377\000H\000e\000t\000e\000r\000o\000g\000e\000n\000e\000o\000u\000s\000\040\000D\000i\000s\000t\000a\000n\000c\000e\000\040\000M\000a\000t\000r\000i\000x}{section.1}% 15
\BOOKMARK [2][-]{subsection.1.11}{\376\377\000U\000t\000i\000l\000i\000t\000y\000\040\000C\000o\000m\000p\000u\000t\000a\000t\000i\000o\000n}{section.1}% 16
\BOOKMARK [2][-]{subsection.1.12}{\376\377\000U\000t\000i\000l\000i\000t\000y\000\040\000F\000u\000n\000c\000t\000i\000o\000n\000s}{section.1}% 17
\BOOKMARK [2][-]{subsection.1.13}{\376\377\000U\000t\000i\000l\000i\000t\000y\000\040\000M\000a\000t\000r\000i\000x}{section.1}% 18
\BOOKMARK [2][-]{subsection.1.14}{\376\377\000P\000r\000e\000f\000e\000r\000e\000n\000c\000e\000\040\000R\000a\000n\000k\000i\000n\000g\000s}{section.1}% 19
\BOOKMARK [2][-]{subsection.1.15}{\376\377\000V\000o\000t\000i\000n\000g\000\040\000R\000u\000l\000e\000s}{section.1}% 20
\BOOKMARK [2][-]{subsection.1.16}{\376\377\000P\000l\000u\000r\000a\000l\000i\000t\000y\000\040\000R\000u\000l\000e}{section.1}% 21
\BOOKMARK [2][-]{subsection.1.17}{\376\377\000B\000o\000r\000d\000a\000\040\000C\000o\000u\000n\000t}{section.1}% 22
\BOOKMARK [2][-]{subsection.1.18}{\376\377\000I\000n\000s\000t\000a\000n\000t\000\040\000R\000u\000n\000o\000f\000f\000\040\000V\000o\000t\000i\000n\000g\000\040\000\050\000I\000R\000V\000\051}{section.1}% 23
\BOOKMARK [1][-]{section.2}{\376\377\000E\000x\000p\000e\000r\000i\000m\000e\000n\000t\000a\000l\000\040\000M\000e\000t\000h\000o\000d\000o\000l\000o\000g\000y}{}% 24
\BOOKMARK [2][-]{subsection.2.1}{\376\377\000D\000i\000s\000a\000g\000r\000e\000e\000m\000e\000n\000t\000\040\000R\000a\000t\000e}{section.2}% 25
\BOOKMARK [2][-]{subsection.2.2}{\376\377\000A\000s\000y\000m\000m\000e\000t\000r\000y\000\040\000M\000e\000a\000s\000u\000r\000e}{section.2}% 26
\BOOKMARK [2][-]{subsection.2.3}{\376\377\000V\000o\000t\000e\000r\000\040\000S\000c\000a\000l\000i\000n\000g\000\040\000A\000n\000a\000l\000y\000s\000i\000s}{section.2}% 27
\BOOKMARK [2][-]{subsection.2.4}{\376\377\000T\000h\000r\000e\000s\000h\000o\000l\000d\000\040\000S\000w\000e\000e\000p}{section.2}% 28
\BOOKMARK [2][-]{subsection.2.5}{\376\377\000D\000i\000m\000e\000n\000s\000i\000o\000n\000a\000l\000\040\000S\000c\000a\000l\000i\000n\000g}{section.2}% 29
\BOOKMARK [2][-]{subsection.2.6}{\376\377\000C\000o\000n\000d\000o\000r\000c\000e\000t\000\040\000M\000e\000t\000r\000i\000c\000s}{section.2}% 30
\BOOKMARK [3][-]{subsubsection.2.6.1}{\376\377\000C\000o\000n\000d\000o\000r\000c\000e\000t\000\040\000W\000i\000n\000n\000e\000r}{subsection.2.6}% 31
\BOOKMARK [3][-]{subsubsection.2.6.2}{\376\377\000C\000o\000n\000d\000o\000r\000c\000e\000t\000\040\000C\000y\000c\000l\000e}{subsection.2.6}% 32
\BOOKMARK [3][-]{subsubsection.2.6.3}{\376\377\000C\000o\000n\000d\000o\000r\000c\000e\000t\000\040\000E\000f\000f\000i\000c\000i\000e\000n\000c\000y}{subsection.2.6}% 33
\BOOKMARK [2][-]{subsection.2.7}{\376\377\000E\000x\000p\000e\000r\000i\000m\000e\000n\000t\000a\000l\000\040\000C\000o\000n\000f\000i\000g\000u\000r\000a\000t\000i\000o\000n}{section.2}% 34
\BOOKMARK [3][-]{subsubsection.2.7.1}{\376\377\000B\000a\000s\000e\000\040\000P\000a\000r\000a\000m\000e\000t\000e\000r\000s}{subsection.2.7}% 35
\BOOKMARK [3][-]{subsubsection.2.7.2}{\376\377\000M\000e\000t\000r\000i\000c\000\040\000P\000a\000i\000r\000s\000\040\000T\000e\000s\000t\000e\000d}{subsection.2.7}% 36
\BOOKMARK [3][-]{subsubsection.2.7.3}{\376\377\000E\000x\000p\000e\000r\000i\000m\000e\000n\000t\000a\000l\000\040\000P\000h\000a\000s\000e\000s}{subsection.2.7}% 37
\BOOKMARK [3][-]{subsubsection.2.7.4}{\376\377\000P\000h\000a\000s\000e\000\040\0001\000:\000\040\000V\000o\000t\000e\000r\000\040\000S\000c\000a\000l\000i\000n\000g}{subsection.2.7}% 38
\BOOKMARK [3][-]{subsubsection.2.7.5}{\376\377\000P\000h\000a\000s\000e\000\040\0002\000:\000\040\000T\000h\000r\000e\000s\000h\000o\000l\000d\000\040\000S\000w\000e\000e\000p}{subsection.2.7}% 39
\BOOKMARK [3][-]{subsubsection.2.7.6}{\376\377\000P\000h\000a\000s\000e\000\040\0003\000:\000\040\000D\000i\000m\000e\000n\000s\000i\000o\000n\000a\000l\000\040\000S\000c\000a\000l\000i\000n\000g}{subsection.2.7}% 40
\BOOKMARK [3][-]{subsubsection.2.7.7}{\376\377\000P\000h\000a\000s\000e\000\040\0004\000:\000\040\000M\000e\000t\000r\000i\000c\000\040\000P\000a\000i\000r\000\040\000I\000n\000t\000e\000r\000a\000c\000t\000i\000o\000n\000s}{subsection.2.7}% 41
\BOOKMARK [3][-]{subsubsection.2.7.8}{\376\377\000P\000h\000a\000s\000e\000\040\0005\000:\000\040\000V\000e\000r\000i\000f\000i\000c\000a\000t\000i\000o\000n}{subsection.2.7}% 42
\BOOKMARK [2][-]{subsection.2.8}{\376\377\000S\000t\000a\000t\000i\000s\000t\000i\000c\000a\000l\000\040\000A\000n\000a\000l\000y\000s\000i\000s}{section.2}% 43
\BOOKMARK [3][-]{subsubsection.2.8.1}{\376\377\000C\000o\000e\000f\000f\000i\000c\000i\000e\000n\000t\000\040\000o\000f\000\040\000V\000a\000r\000i\000a\000t\000i\000o\000n}{subsection.2.8}% 44
\BOOKMARK [3][-]{subsubsection.2.8.2}{\376\377\000P\000o\000w\000e\000r\000\040\000L\000a\000w\000\040\000F\000i\000t\000t\000i\000n\000g}{subsection.2.8}% 45
\BOOKMARK [2][-]{subsection.2.9}{\376\377\000I\000n\000t\000e\000r\000a\000c\000t\000i\000o\000n\000\040\000S\000t\000r\000e\000n\000g\000t\000h\000\040\000H\000i\000e\000r\000a\000r\000c\000h\000y}{section.2}% 46
\BOOKMARK [1][-]{section.3}{\376\377\000I\000m\000p\000l\000e\000m\000e\000n\000t\000a\000t\000i\000o\000n\000\040\000a\000n\000d\000\040\000V\000a\000l\000i\000d\000a\000t\000i\000o\000n}{}% 47
\BOOKMARK [2][-]{subsection.3.1}{\376\377\000I\000m\000p\000l\000e\000m\000e\000n\000t\000a\000t\000i\000o\000n\000\040\000D\000e\000t\000a\000i\000l\000s}{section.3}% 48
\BOOKMARK [3][-]{subsubsection.3.1.1}{\376\377\000N\000u\000m\000e\000r\000i\000c\000a\000l\000\040\000P\000r\000e\000c\000i\000s\000i\000o\000n}{subsection.3.1}% 49
\BOOKMARK [3][-]{subsubsection.3.1.2}{\376\377\000C\000o\000m\000p\000u\000t\000a\000t\000i\000o\000n\000a\000l\000\040\000C\000o\000m\000p\000l\000e\000x\000i\000t\000y}{subsection.3.1}% 50
\BOOKMARK [3][-]{subsubsection.3.1.3}{\376\377\000R\000e\000p\000r\000o\000d\000u\000c\000i\000b\000i\000l\000i\000t\000y}{subsection.3.1}% 51
\BOOKMARK [2][-]{subsection.3.2}{\376\377\000V\000a\000l\000i\000d\000a\000t\000i\000o\000n}{section.3}% 52
\BOOKMARK [3][-]{subsubsection.3.2.1}{\376\377\000M\000e\000t\000h\000o\000d\000o\000l\000o\000g\000y\000\040\000V\000a\000l\000i\000d\000a\000t\000i\000o\000n}{subsection.3.2}% 53
\BOOKMARK [3][-]{subsubsection.3.2.2}{\376\377\000S\000t\000a\000t\000i\000s\000t\000i\000c\000a\000l\000\040\000V\000a\000l\000i\000d\000a\000t\000i\000o\000n}{subsection.3.2}% 54
\BOOKMARK [1][-]{section.4}{\376\377\000S\000u\000m\000m\000a\000r\000y\000\040\000o\000f\000\040\000K\000e\000y\000\040\000F\000i\000n\000d\000i\000n\000g\000s}{}% 55
\BOOKMARK [2][-]{subsection.4.1}{\376\377\000A\000s\000y\000m\000m\000e\000t\000r\000i\000c\000\040\000M\000e\000t\000r\000i\000c\000\040\000I\000n\000t\000e\000r\000a\000c\000t\000i\000o\000n\000s}{section.4}% 56
\BOOKMARK [2][-]{subsection.4.2}{\376\377\000D\000i\000m\000e\000n\000s\000i\000o\000n\000a\000l\000\040\000S\000c\000a\000l\000i\000n\000g}{section.4}% 57
\BOOKMARK [2][-]{subsection.4.3}{\376\377\000V\000o\000t\000e\000r\000\040\000C\000o\000u\000n\000t\000\040\000D\000e\000p\000e\000n\000d\000e\000n\000c\000e}{section.4}% 58
\BOOKMARK [2][-]{subsection.4.4}{\376\377\000I\000n\000t\000e\000r\000a\000c\000t\000i\000o\000n\000\040\000S\000t\000r\000e\000n\000g\000t\000h\000\040\000H\000i\000e\000r\000a\000r\000c\000h\000y}{section.4}% 59
\BOOKMARK [2][-]{subsection.4.5}{\376\377\000C\000o\000n\000c\000l\000u\000s\000i\000o\000n}{section.4}% 60
